{"/mnt/d/frontend-project-46/src/index.js": {"path":"/mnt/d/frontend-project-46/src/index.js","statementMap":{"0":{"start":{"line":5,"column":21},"end":{"line":26,"column":1}},"1":{"start":{"line":6,"column":15},"end":{"line":6,"column":17}},"2":{"start":{"line":8,"column":2},"end":{"line":18,"column":3}},"3":{"start":{"line":9,"column":4},"end":{"line":12,"column":5}},"4":{"start":{"line":10,"column":6},"end":{"line":10,"column":52}},"5":{"start":{"line":11,"column":6},"end":{"line":11,"column":20}},"6":{"start":{"line":13,"column":4},"end":{"line":17,"column":5}},"7":{"start":{"line":14,"column":6},"end":{"line":15,"column":36}},"8":{"start":{"line":16,"column":6},"end":{"line":16,"column":20}},"9":{"start":{"line":19,"column":2},"end":{"line":22,"column":3}},"10":{"start":{"line":20,"column":4},"end":{"line":20,"column":50}},"11":{"start":{"line":21,"column":4},"end":{"line":21,"column":18}},"12":{"start":{"line":24,"column":2},"end":{"line":24,"column":48}},"13":{"start":{"line":25,"column":2},"end":{"line":25,"column":16}},"14":{"start":{"line":28,"column":16},"end":{"line":38,"column":1}},"15":{"start":{"line":29,"column":18},"end":{"line":29,"column":31}},"16":{"start":{"line":30,"column":16},"end":{"line":30,"column":74}},"17":{"start":{"line":31,"column":25},"end":{"line":31,"column":42}},"18":{"start":{"line":32,"column":16},"end":{"line":32,"column":74}},"19":{"start":{"line":33,"column":25},"end":{"line":33,"column":42}},"20":{"start":{"line":34,"column":19},"end":{"line":34,"column":99}},"21":{"start":{"line":35,"column":18},"end":{"line":35,"column":59}},"22":{"start":{"line":36,"column":21},"end":{"line":36,"column":92}},"23":{"start":{"line":36,"column":42},"end":{"line":36,"column":91}},"24":{"start":{"line":37,"column":2},"end":{"line":37,"column":42}}},"fnMap":{"0":{"name":"(anonymous_0)","decl":{"start":{"line":5,"column":21},"end":{"line":5,"column":22}},"loc":{"start":{"line":5,"column":62},"end":{"line":26,"column":1}},"line":5},"1":{"name":"(anonymous_1)","decl":{"start":{"line":28,"column":16},"end":{"line":28,"column":17}},"loc":{"start":{"line":28,"column":42},"end":{"line":38,"column":1}},"line":28},"2":{"name":"(anonymous_2)","decl":{"start":{"line":36,"column":33},"end":{"line":36,"column":34}},"loc":{"start":{"line":36,"column":42},"end":{"line":36,"column":91}},"line":36}},"branchMap":{"0":{"loc":{"start":{"line":8,"column":2},"end":{"line":18,"column":3}},"type":"if","locations":[{"start":{"line":8,"column":2},"end":{"line":18,"column":3}},{"start":{},"end":{}}],"line":8},"1":{"loc":{"start":{"line":8,"column":6},"end":{"line":8,"column":62}},"type":"binary-expr","locations":[{"start":{"line":8,"column":6},"end":{"line":8,"column":32}},{"start":{"line":8,"column":36},"end":{"line":8,"column":62}}],"line":8},"2":{"loc":{"start":{"line":9,"column":4},"end":{"line":12,"column":5}},"type":"if","locations":[{"start":{"line":9,"column":4},"end":{"line":12,"column":5}},{"start":{},"end":{}}],"line":9},"3":{"loc":{"start":{"line":13,"column":4},"end":{"line":17,"column":5}},"type":"if","locations":[{"start":{"line":13,"column":4},"end":{"line":17,"column":5}},{"start":{},"end":{}}],"line":13},"4":{"loc":{"start":{"line":19,"column":2},"end":{"line":22,"column":3}},"type":"if","locations":[{"start":{"line":19,"column":2},"end":{"line":22,"column":3}},{"start":{},"end":{}}],"line":19}},"s":{"0":1,"1":5,"2":5,"3":2,"4":1,"5":1,"6":1,"7":1,"8":1,"9":3,"10":2,"11":2,"12":1,"13":1,"14":1,"15":1,"16":1,"17":1,"18":1,"19":1,"20":1,"21":1,"22":1,"23":5,"24":1},"f":{"0":5,"1":1,"2":5},"b":{"0":[2,3],"1":[5,4],"2":[1,1],"3":[1,0],"4":[2,1]},"_coverageSchema":"1a1c01bbd47fc00a2c39e90264f33305004495a9","hash":"b00023c4405fc5c586df6dbf18ff973881c9448a"}
}
