TN:
SF:src/index.js
FN:5,(anonymous_0)
FN:28,(anonymous_1)
FN:36,(anonymous_2)
FNF:3
FNH:3
FNDA:5,(anonymous_0)
FNDA:1,(anonymous_1)
FNDA:5,(anonymous_2)
DA:5,1
DA:6,5
DA:8,5
DA:9,2
DA:10,1
DA:11,1
DA:13,1
DA:14,1
DA:16,1
DA:19,3
DA:20,2
DA:21,2
DA:24,1
DA:25,1
DA:28,1
DA:29,1
DA:30,1
DA:31,1
DA:32,1
DA:33,1
DA:34,1
DA:35,1
DA:36,5
DA:37,1
LF:24
LH:24
BRDA:8,0,0,2
BRDA:8,0,1,3
BRDA:8,1,0,5
BRDA:8,1,1,4
BRDA:9,2,0,1
BRDA:9,2,1,1
BRDA:13,3,0,1
BRDA:13,3,1,0
BRDA:19,4,0,2
BRDA:19,4,1,1
BRF:10
BRH:9
end_of_record
